2017-05-30T01:40:21.803+0300 I CONTROL  [initandlisten] MongoDB starting : pid=1157 port=27017 dbpath=/home/svrakata/Programming/JavaScript/nodeTelerikTW/testfield/data 64-bit host=toolshed
2017-05-30T01:40:21.803+0300 I CONTROL  [initandlisten] db version v3.4.4
2017-05-30T01:40:21.803+0300 I CONTROL  [initandlisten] git version: 888390515874a9debd1b6c5d36559ca86b44babd
2017-05-30T01:40:21.803+0300 I CONTROL  [initandlisten] OpenSSL version: OpenSSL 1.0.2g  1 Mar 2016
2017-05-30T01:40:21.803+0300 I CONTROL  [initandlisten] allocator: tcmalloc
2017-05-30T01:40:21.803+0300 I CONTROL  [initandlisten] modules: none
2017-05-30T01:40:21.803+0300 I CONTROL  [initandlisten] build environment:
2017-05-30T01:40:21.803+0300 I CONTROL  [initandlisten]     distmod: ubuntu1604
2017-05-30T01:40:21.803+0300 I CONTROL  [initandlisten]     distarch: x86_64
2017-05-30T01:40:21.803+0300 I CONTROL  [initandlisten]     target_arch: x86_64
2017-05-30T01:40:21.803+0300 I CONTROL  [initandlisten] options: { config: "/etc/mongod.conf", net: { bindIp: "127.0.0.1", port: 27017 }, storage: { dbPath: "/home/svrakata/Programming/JavaScript/nodeTelerikTW/testfield/data", journal: { enabled: true } }, systemLog: { destination: "file", logAppend: true, path: "/home/svrakata/Programming/JavaScript/nodeTelerikTW/testfield/data/log/mongod.log", quiet: true } }
2017-05-30T01:40:21.824+0300 I STORAGE  [initandlisten] 
2017-05-30T01:40:21.824+0300 I STORAGE  [initandlisten] ** WARNING: Using the XFS filesystem is strongly recommended with the WiredTiger storage engine
2017-05-30T01:40:21.824+0300 I STORAGE  [initandlisten] **          See http://dochub.mongodb.org/core/prodnotes-filesystem
2017-05-30T01:40:21.824+0300 I STORAGE  [initandlisten] wiredtiger_open config: create,cache_size=3219M,session_max=20000,eviction=(threads_min=4,threads_max=4),config_base=false,statistics=(fast),log=(enabled=true,archive=true,path=journal,compressor=snappy),file_manager=(close_idle_time=100000),checkpoint=(wait=60,log_size=2GB),statistics_log=(wait=0),
2017-05-30T01:40:22.547+0300 I CONTROL  [initandlisten] 
2017-05-30T01:40:22.547+0300 I CONTROL  [initandlisten] ** WARNING: Access control is not enabled for the database.
2017-05-30T01:40:22.547+0300 I CONTROL  [initandlisten] **          Read and write access to data and configuration is unrestricted.
2017-05-30T01:40:22.547+0300 I CONTROL  [initandlisten] 
2017-05-30T01:40:22.548+0300 I CONTROL  [initandlisten] 
2017-05-30T01:40:22.548+0300 I CONTROL  [initandlisten] ** WARNING: /sys/kernel/mm/transparent_hugepage/enabled is 'always'.
2017-05-30T01:40:22.548+0300 I CONTROL  [initandlisten] **        We suggest setting it to 'never'
2017-05-30T01:40:22.548+0300 I CONTROL  [initandlisten] 
2017-05-30T01:40:22.548+0300 I CONTROL  [initandlisten] ** WARNING: /sys/kernel/mm/transparent_hugepage/defrag is 'always'.
2017-05-30T01:40:22.548+0300 I CONTROL  [initandlisten] **        We suggest setting it to 'never'
2017-05-30T01:40:22.548+0300 I CONTROL  [initandlisten] 
2017-05-30T01:40:22.770+0300 I FTDC     [initandlisten] Initializing full-time diagnostic data capture with directory '/home/svrakata/Programming/JavaScript/nodeTelerikTW/testfield/data/diagnostic.data'
2017-05-30T01:40:23.050+0300 I INDEX    [initandlisten] build index on: admin.system.version properties: { v: 2, key: { version: 1 }, name: "incompatible_with_version_32", ns: "admin.system.version" }
2017-05-30T01:40:23.050+0300 I INDEX    [initandlisten] 	 building index using bulk method; build may temporarily use up to 500 megabytes of RAM
2017-05-30T01:40:23.054+0300 I INDEX    [initandlisten] build index done.  scanned 0 total records. 0 secs
2017-05-30T01:40:23.055+0300 I COMMAND  [initandlisten] setting featureCompatibilityVersion to 3.4
2017-05-30T01:40:23.056+0300 I NETWORK  [thread1] waiting for connections on port 27017
2017-05-30T01:40:26.630+0300 I NETWORK  [conn1] received client metadata from 127.0.0.1:36680 conn1: { driver: { name: "nodejs", version: "2.2.27" }, os: { type: "Linux", name: "linux", architecture: "x64", version: "4.4.0-79-generic" }, platform: "Node.js v7.9.0, LE, mongodb-core: 2.1.11" }
2017-05-30T01:52:03.600+0300 I CONTROL  [signalProcessingThread] got signal 15 (Terminated), will terminate after current cmd ends
2017-05-30T01:52:03.600+0300 I NETWORK  [signalProcessingThread] shutdown: going to close listening sockets...
2017-05-30T01:52:03.600+0300 I NETWORK  [signalProcessingThread] closing listening socket: 7
2017-05-30T01:52:03.600+0300 I NETWORK  [signalProcessingThread] closing listening socket: 8
2017-05-30T01:52:03.600+0300 I NETWORK  [signalProcessingThread] removing socket file: /tmp/mongodb-27017.sock
2017-05-30T01:52:03.600+0300 I NETWORK  [signalProcessingThread] shutdown: going to flush diaglog...
2017-05-30T01:52:03.600+0300 I FTDC     [signalProcessingThread] Shutting down full-time diagnostic data capture
2017-05-30T01:52:03.602+0300 I STORAGE  [signalProcessingThread] WiredTigerKVEngine shutting down
2017-05-30T01:52:03.978+0300 I STORAGE  [signalProcessingThread] shutdown: removing fs lock...
2017-05-30T01:52:03.979+0300 I CONTROL  [signalProcessingThread] now exiting
2017-05-30T01:52:03.979+0300 I CONTROL  [signalProcessingThread] shutting down with code:0
2017-05-30T01:52:03.979+0300 I CONTROL  [initandlisten] shutting down with code:0
